D:\MYZTHREAD\MYZTHREAD\DEBUG\ATOMICCOUNT.OBJ
D:\myZThread\myZThread\Debug\cl.command.1.tlog
D:\myZThread\myZThread\Debug\CL.read.1.tlog
D:\myZThread\myZThread\Debug\CL.write.1.tlog
D:\MYZTHREAD\MYZTHREAD\DEBUG\CONCURRENTEXECUTOR.OBJ
D:\MYZTHREAD\MYZTHREAD\DEBUG\CONDITION.OBJ
D:\MYZTHREAD\MYZTHREAD\DEBUG\COUNTINGSEMAPHORE.OBJ
D:\MYZTHREAD\MYZTHREAD\DEBUG\FASTMUTEX.OBJ
D:\MYZTHREAD\MYZTHREAD\DEBUG\FASTRECURSIVEMUTEX.OBJ
D:\MYZTHREAD\MYZTHREAD\DEBUG\MONITOR.OBJ
D:\MYZTHREAD\MYZTHREAD\DEBUG\MUTEX.OBJ
D:\myZThread\myZThread\Debug\myZThread.write.1.tlog
D:\MYZTHREAD\MYZTHREAD\DEBUG\POOLEXECUTOR.OBJ
D:\MYZTHREAD\MYZTHREAD\DEBUG\PRIORITYCONDITION.OBJ
D:\MYZTHREAD\MYZTHREAD\DEBUG\PRIORITYINHERITANCEMUTEX.OBJ
D:\MYZTHREAD\MYZTHREAD\DEBUG\PRIORITYMUTEX.OBJ
D:\MYZTHREAD\MYZTHREAD\DEBUG\PRIORITYSEMAPHORE.OBJ
D:\MYZTHREAD\MYZTHREAD\DEBUG\RECURSIVEMUTEX.OBJ
D:\MYZTHREAD\MYZTHREAD\DEBUG\RECURSIVEMUTEXIMPL.OBJ
D:\MYZTHREAD\MYZTHREAD\DEBUG\SEMAPHORE.OBJ
D:\MYZTHREAD\MYZTHREAD\DEBUG\SYNCHRONOUSEXECUTOR.OBJ
D:\MYZTHREAD\MYZTHREAD\DEBUG\THREAD.OBJ
D:\MYZTHREAD\MYZTHREAD\DEBUG\THREADEDEXECUTOR.OBJ
D:\MYZTHREAD\MYZTHREAD\DEBUG\THREADIMPL.OBJ
D:\MYZTHREAD\MYZTHREAD\DEBUG\THREADLOCALIMPL.OBJ
D:\MYZTHREAD\MYZTHREAD\DEBUG\THREADOPS.OBJ
D:\MYZTHREAD\MYZTHREAD\DEBUG\TIME.OBJ
D:\myZThread\myZThread\Debug\vc100.idb
D:\MYZTHREAD\MYZTHREAD\DEBUG\VC100.PDB
